{"level":"info","msg":"111","time":"2024-11-19T11:21:24+08:00"}
{"level":"debug","msg":"code:401, text:{\"message\":\"接口访问源IP不在白名单\",\"code\":11298,\"err_code\":40023002,\"trace_id\":\"e8c99e4c6e2061272d45ab9028a073ae\"}, traceID:e8c99e4c6e2061272d45ab9028a073ae","time":"2024-11-19T11:33:58+08:00"}
{"file":"/Users/zhaoran/code-mzr/golang/esctasy-bot-gin/bot/init.go:21","func":"esctasy-bot-gin/bot.Init","level":"debug","msg":"code:401, text:{\"message\":\"接口访问源IP不在白名单\",\"code\":11298,\"err_code\":40023002,\"trace_id\":\"60097faa135fbf177c30b2b664e67434\"}, traceID:60097faa135fbf177c30b2b664e67434","time":"2024-11-19T11:36:47+08:00"}
{"level":"debug","msg":"code:401, text:{\"message\":\"接口访问源IP不在白名单\",\"code\":11298,\"err_code\":40023002,\"trace_id\":\"07764530537bd3adb312fc333b673150\"}, traceID:07764530537bd3adb312fc333b673150","time":"2024-11-19T11:37:26+08:00"}
time="2024-11-19T11:38:36+08:00" level=debug msg="code:401, text:{\"message\":\"接口访问源IP不在白名单\",\"code\":11298,\"err_code\":40023002,\"trace_id\":\"5d0ea733277841e1bd5fc5fd7afa2dfc\"}, traceID:5d0ea733277841e1bd5fc5fd7afa2dfc"
{"level":"debug","msg":"code:401, text:{\"message\":\"接口访问源IP不在白名单\",\"code\":11298,\"err_code\":40023002,\"trace_id\":\"6adf8534439a04b356dd8b7ea01f0454\"}, traceID:6adf8534439a04b356dd8b7ea01f0454","time":"yyyy-MM-dd HH:mm:ss.sss"}
{"level":"debug","msg":"code:401, text:{\"message\":\"接口访问源IP不在白名单\",\"code\":11298,\"err_code\":40023002,\"trace_id\":\"2268f3b30fbf58dfcb5bb931536d93c4\"}, traceID:2268f3b30fbf58dfcb5bb931536d93c4","time":"yyyy-MM-dd HH:mm:ss"}
{"level":"debug","msg":"code:401, text:{\"message\":\"接口访问源IP不在白名单\",\"code\":11298,\"err_code\":40023002,\"trace_id\":\"2238f150ec9d480e8c06c936960674ab\"}, traceID:2238f150ec9d480e8c06c936960674ab","time":"2024-11-19T11:40:44+08:00"}
{"level":"debug","message":"code:401, text:{\"message\":\"接口访问源IP不在白名单\",\"code\":11298,\"err_code\":40023002,\"trace_id\":\"ec6bf137851809e4f327d360f01ef3e8\"}, traceID:ec6bf137851809e4f327d360f01ef3e8","time":"2024-11-19 11:51:17"}
{"level":"debug","message":"code:401, text:{\"message\":\"接口访问源IP不在白名单\",\"code\":11298,\"err_code\":40023002,\"trace_id\":\"3097c51c80c239c8aba918b207cd1b10\"}, traceID:3097c51c80c239c8aba918b207cd1b10","time":"2024-11-19 11:52:35"}
{"level":"debug","message":"code:401, text:{\"message\":\"接口访问源IP不在白名单\",\"code\":11298,\"err_code\":40023002,\"trace_id\":\"8cc1ae4801eea128016923f456173a13\"}, traceID:8cc1ae4801eea128016923f456173a13"}
{"level":"debug","message":"code:401, text:{\"message\":\"接口访问源IP不在白名单\",\"code\":11298,\"err_code\":40023002,\"trace_id\":\"6b6809581bff092c5e86ca9deb4ed600\"}, traceID:6b6809581bff092c5e86ca9deb4ed600","time":"2024-11-19 11:53:30"}
{"level":"debug","message":"Get \"https://api.sgroup.qq.com/users/@me\": dial tcp: lookup api.sgroup.qq.com: no such host","time":"2024-11-19 14:29:43"}
{"level":"debug","message":"code:401, text:{\"message\":\"接口访问源IP不在白名单\",\"code\":11298,\"err_code\":40023002,\"trace_id\":\"4fe3f73dbea1eee532dcec37b343b99d\"}, traceID:4fe3f73dbea1eee532dcec37b343b99d","time":"2024-11-19 14:30:24"}
{"level":"debug","message":"code:401, text:{\"message\":\"接口访问源IP不在白名单\",\"code\":11298,\"err_code\":40023002,\"trace_id\":\"847cba0712d6f54310188c550db99cfd\"}, traceID:847cba0712d6f54310188c550db99cfd","time":"2024-11-19 1131:31:17"}
{"level":"debug","message":"code:401, text:{\"message\":\"接口访问源IP不在白名单\",\"code\":11298,\"err_code\":40023002,\"trace_id\":\"0dc8cdcc3aef13ec11b84620d036af09\"}, traceID:0dc8cdcc3aef13ec11b84620d036af09","time":"2024-11-19 116:31:35"}
{"level":"debug","message":"code:401, text:{\"message\":\"接口访问源IP不在白名单\",\"code\":11298,\"err_code\":40023002,\"trace_id\":\"44a0d00d331c869fdd74f66aae74d8f9\"}, traceID:44a0d00d331c869fdd74f66aae74d8f9","time":"2024-11-19 14:31:43"}
{"level":"debug","message":"code:401, text:{\"message\":\"接口访问源IP不在白名单\",\"code\":11298,\"err_code\":40023002,\"trace_id\":\"804e620cbef5f8d865a07dab28af242b\"}, traceID:804e620cbef5f8d865a07dab28af242b","time":"2024-11-19 14:32:06"}
{"level":"debug","message":"code:401, text:{\"message\":\"接口访问源IP不在白名单\",\"code\":11298,\"err_code\":40023002,\"trace_id\":\"6bfeb2951c31db733ac03f2eee29ff88\"}, traceID:6bfeb2951c31db733ac03f2eee29ff88","time":"2024-11-19 14:33:38"}
{"time":"2024-11-19 14:43:30","level":"debug","message":"code:401, text:{\"message\":\"接口访问源IP不在白名单\",\"code\":11298,\"err_code\":40023002,\"trace_id\":\"2750936e950bbf3db37c6e5c22686d25\"}, traceID:2750936e950bbf3db37c6e5c22686d25"}
{"time":"2024-11-19 14:47:11","level":"debug","message":"code:401, text:{\"message\":\"接口访问源IP不在白名单\",\"code\":11298,\"err_code\":40023002,\"trace_id\":\"a1c55c157b19291339a1a6b93adfe987\"}, traceID:a1c55c157b19291339a1a6b93adfe987","data":{}}
{"time":"2024-11-19 14:50:07","level":"debug","message":"code:401, text:{\"message\":\"接口访问源IP不在白名单\",\"code\":11298,\"err_code\":40023002,\"trace_id\":\"1bd599c7aaba14b4c09f6ea6b235ffb9\"}, traceID:1bd599c7aaba14b4c09f6ea6b235ffb9","otherFields":{}}
{"time":"2024-11-19 14:50:24","level":"debug","message":"code:401, text:{\"message\":\"接口访问源IP不在白名单\",\"code\":11298,\"err_code\":40023002,\"trace_id\":\"668ccad1e6848d9bf3e27b66d0d2c4ac\"}, traceID:668ccad1e6848d9bf3e27b66d0d2c4ac","otherFields":{}}
